Drill report for shield.kicad_pcb
Created on Friday, March 03, 2023 at 02:43:59 PM

Copper Layer Stackup:
    =============================================================
    L1 :  F.Cu                      front
    L2 :  B.Cu                      back


Drill file 'shield-PTH.drl' contains
    plated through holes:
    =============================================================
    T1  0.400mm  0.0157"  (10 holes)
    T2  0.800mm  0.0315"  (66 holes)
    T3  0.890mm  0.0350"  (24 holes)
    T4  1.000mm  0.0394"  (64 holes)
    T5  1.200mm  0.0472"  (8 holes)
    T6  1.570mm  0.0618"  (4 holes)

    Total plated holes count 176


Drill file 'shield-NPTH.drl' contains
    unplated through holes:
    =============================================================
    T1  3.250mm  0.1280"  (4 holes)

    Total unplated holes count 4
